------FINALLY---------------------------------------
Return : 3.6897
Standard Deviation : 1.5837
Sharpe Ratio (Rf=0%) : 2.3298
Max Drawdown: -0.4828
++++++++++++++++++++++++++++++++++++++
a : 1.4435626681025866
b : 0.7108855790449711
k : 36
window1 : 16
window2 : 49
Z-score : get_z_socre_no_hege
-------------------------------------
------FINALLY---------------------------------------
Return : 4.2
Standard Deviation : 1.953
Sharpe Ratio (Rf=0%) : 2.1505
Max Drawdown: -0.4944
++++++++++++++++++++++++++++++++++++++
a : 1.3556938968975272
b : 0.8839375407664382
k : 57
window1 : 12
window2 : 75
Z-score : get_z_socre_no_hege
-------------------------------------
------FINALLY---------------------------------------
Return : 81.9382
Standard Deviation : 31.1554
Sharpe Ratio (Rf=0%) : 2.63
Max Drawdown: -0.4132
++++++++++++++++++++++++++++++++++++++
a : 1.4587552032642066
b : 0.9170847055268078
k : 6
window1 : 3
window2 : 21
Z-score : get_z_socre_two_windows
-------------------------------------
------FINALLY---------------------------------------
Return : 11.2956
Standard Deviation : 6.1102
Sharpe Ratio (Rf=0%) : 1.8487
Max Drawdown: -0.5668
++++++++++++++++++++++++++++++++++++++
a : 1.624743833250382
b : 0.8626119052818828
k : 58
window1 : 24
window2 : 52
Z-score : get_z_socre_two_windows
-------------------------------------
------FINALLY---------------------------------------
Return : 4.9938
Standard Deviation : 2.0146
Sharpe Ratio (Rf=0%) : 2.4788
Max Drawdown: -0.5149
++++++++++++++++++++++++++++++++++++++
a : 1.1034367964364573
b : 0.6371226009009734
k : 10
window1 : 28
window2 : 56
Z-score : get_z_socre_no_hege
-------------------------------------
------FINALLY---------------------------------------
Return : 3.8203
Standard Deviation : 1.6685
Sharpe Ratio (Rf=0%) : 2.2896
Max Drawdown: -0.5316
++++++++++++++++++++++++++++++++++++++
a : 1.2189989335626552
b : 0.7687490156455323
k : 28
window1 : 17
window2 : 21
Z-score : get_z_socre_no_hege
-------------------------------------
------FINALLY---------------------------------------
Return : 5.1262
Standard Deviation : 2.1238
Sharpe Ratio (Rf=0%) : 2.4137
Max Drawdown: -0.4916
++++++++++++++++++++++++++++++++++++++
a : 1.4935556209507128
b : 0.6145953169372618
k : 56
window1 : 20
window2 : 45
Z-score : get_z_socre_no_hege
-------------------------------------
------FINALLY---------------------------------------
Return : 3.8302
Standard Deviation : 1.7801
Sharpe Ratio (Rf=0%) : 2.1517
Max Drawdown: -0.5386
++++++++++++++++++++++++++++++++++++++
a : 1.5611286447825394
b : 0.06902096219668444
k : 40
window1 : 20
window2 : 34
Z-score : get_z_socre_hege
-------------------------------------
------FINALLY---------------------------------------
Return : 2.7346
Standard Deviation : 1.2813
Sharpe Ratio (Rf=0%) : 2.1341
Max Drawdown: -0.5844
++++++++++++++++++++++++++++++++++++++
a : 1.2591883972301052
b : 0.36643655552377014
k : 35
window1 : 13
window2 : 89
Z-score : get_z_socre_hege
-------------------------------------
------FINALLY---------------------------------------
Return : 3.6563
Standard Deviation : 1.6018
Sharpe Ratio (Rf=0%) : 2.2826
Max Drawdown: -0.5885
++++++++++++++++++++++++++++++++++++++
a : 1.1750126373149195
b : 0.16808332752729635
k : 39
window1 : 8
window2 : 52
Z-score : get_z_socre_hege
-------------------------------------
------FINALLY---------------------------------------
Return : 4.7077
Standard Deviation : 2.0433
Sharpe Ratio (Rf=0%) : 2.304
Max Drawdown: -0.508
++++++++++++++++++++++++++++++++++++++
a : 1.1355859710799605
b : 0.11816763834101902
k : 40
window1 : 5
window2 : 33
Z-score : get_z_socre_no_hege
-------------------------------------
------FINALLY---------------------------------------
Return : 11.0102
Standard Deviation : 4.5774
Sharpe Ratio (Rf=0%) : 2.4053
Max Drawdown: -0.496
++++++++++++++++++++++++++++++++++++++
a : 1.6585846515798688
b : 0.10515925027720004
k : 50
window1 : 3
window2 : 88
Z-score : get_z_socre_no_hege
-------------------------------------
------FINALLY---------------------------------------
Return : 6.9149
Standard Deviation : 2.8187
Sharpe Ratio (Rf=0%) : 2.4532
Max Drawdown: -0.5306
++++++++++++++++++++++++++++++++++++++
a : 1.7816412596703664
b : 0.6027486093501451
k : 44
window1 : 2
window2 : 39
Z-score : get_z_socre_hege
-------------------------------------
------FINALLY---------------------------------------
Return : 4.9671
Standard Deviation : 2.2185
Sharpe Ratio (Rf=0%) : 2.2389
Max Drawdown: -0.5652
++++++++++++++++++++++++++++++++++++++
a : 1.2439507560424945
b : 0.12635316457515916
k : 20
window1 : 13
window2 : 24
Z-score : get_z_socre_two_windows
-------------------------------------
------FINALLY---------------------------------------
Return : 49.5125
Standard Deviation : 20.6565
Sharpe Ratio (Rf=0%) : 2.3969
Max Drawdown: -0.4732
++++++++++++++++++++++++++++++++++++++
a : 1.4576151488231943
b : 0.2700817011206565
k : 32
window1 : 3
window2 : 60
Z-score : get_z_socre_two_windows
-------------------------------------
------FINALLY---------------------------------------
Return : 2.9864
Standard Deviation : 1.317
Sharpe Ratio (Rf=0%) : 2.2676
Max Drawdown: -0.5676
++++++++++++++++++++++++++++++++++++++
a : 1.2616694724365458
b : 0.664062172364408
k : 9
window1 : 21
window2 : 40
Z-score : get_z_socre_hege
-------------------------------------
except: attempt to get argmax of an empty sequence
------FINALLY---------------------------------------
Return : 5.0095
Standard Deviation : 2.1047
Sharpe Ratio (Rf=0%) : 2.3801
Max Drawdown: -0.4894
++++++++++++++++++++++++++++++++++++++
a : 1.5908032774768501
b : 0.9529447742150895
k : 16
window1 : 17
window2 : 61
Z-score : get_z_socre_no_hege
-------------------------------------
------FINALLY---------------------------------------
Return : 3.5773
Standard Deviation : 1.4815
Sharpe Ratio (Rf=0%) : 2.4147
Max Drawdown: -0.5601
++++++++++++++++++++++++++++++++++++++
a : 1.1862344897860884
b : 0.9436940312866453
k : 27
window1 : 25
window2 : 68
Z-score : get_z_socre_hege
-------------------------------------
------FINALLY---------------------------------------
Return : 14.1939
Standard Deviation : 6.4976
Sharpe Ratio (Rf=0%) : 2.1845
Max Drawdown: -0.5394
++++++++++++++++++++++++++++++++++++++
a : 1.652900277564957
b : 0.3985756260300449
k : 53
window1 : 17
window2 : 81
Z-score : get_z_socre_two_windows
-------------------------------------
------FINALLY---------------------------------------
Return : 4.0724
Standard Deviation : 1.9164
Sharpe Ratio (Rf=0%) : 2.125
Max Drawdown: -0.4971
++++++++++++++++++++++++++++++++++++++
a : 1.5829508810575161
b : 0.5012978942881682
k : 57
window1 : 19
window2 : 49
Z-score : get_z_socre_no_hege
-------------------------------------
------FINALLY---------------------------------------
Return : 4.6697
Standard Deviation : 2.0856
Sharpe Ratio (Rf=0%) : 2.239
Max Drawdown: -0.5313
++++++++++++++++++++++++++++++++++++++
a : 1.652900277564957
b : 0.6145953169372618
k : 27
window1 : 20
window2 : 44
Z-score : get_z_socre_no_hege
-------------------------------------
------FINALLY---------------------------------------
Return : 74.783
Standard Deviation : 32.2309
Sharpe Ratio (Rf=0%) : 2.3202
Max Drawdown: -0.5095
++++++++++++++++++++++++++++++++++++++
a : 1.4935556209507128
b : 0.41316878928034545
k : 10
window1 : 1
window2 : 88
Z-score : get_z_socre_two_windows
-------------------------------------
------FINALLY---------------------------------------
Return : 4.7912
Standard Deviation : 2.2473
Sharpe Ratio (Rf=0%) : 2.1319
Max Drawdown: -0.4951
++++++++++++++++++++++++++++++++++++++
a : 1.748029058360587
b : 0.6116866368465781
k : 33
window1 : 28
window2 : 56
Z-score : get_z_socre_no_hege
-------------------------------------
------FINALLY---------------------------------------
Return : 3.8641
Standard Deviation : 1.492
Sharpe Ratio (Rf=0%) : 2.5899
Max Drawdown: -0.5767------FINALLY---------------------------------------
Return : 3.6897
Standard Deviation : 1.5837
Sharpe Ratio (Rf=0%) : 2.3298
Max Drawdown: [ 1.458e+03  1.533e+03 -4.828e-01]
++++++++++++++++++++++++++++++++++++++
a : 1.4435626681025866
b : 0.7108855790449711
k : 36
window1 : 16
window2 : 49
Z-score : get_z_socre_no_hege
-------------------------------------
------FINALLY---------------------------------------
Return : 3.6897
Standard Deviation : 1.5837
Sharpe Ratio (Rf=0%) : 2.3298
Max Drawdown: [ 1.458e+03  1.533e+03 -4.828e-01]
++++++++++++++++++++++++++++++++++++++
a : 1.4435626681025866
b : 0.7108855790449711
k : 36
window1 : 16
window2 : 49
Z-score : get_z_socre_no_hege
-------------------------------------
------FINALLY---------------------------------------
Return : 3.6897
Standard Deviation : 1.5837
Sharpe Ratio (Rf=0%) : 2.3298
Max Drawdown: -0.4828
++++++++++++++++++++++++++++++++++++++
a : 1.4435626681025866
b : 0.7108855790449711
k : 36
window1 : 16
window2 : 49
Z-score : get_z_socre_no_hege
-------------------------------------
------FINALLY---------------------------------------
Return : 4.2
Standard Deviation : 1.953
Sharpe Ratio (Rf=0%) : 2.1505
Max Drawdown: -0.4944
++++++++++++++++++++++++++++++++++++++
a : 1.3556938968975272
b : 0.8839375407664382
k : 57
window1 : 12
window2 : 75
Z-score : get_z_socre_no_hege
-------------------------------------
------FINALLY---------------------------------------
Return : 81.9382
Standard Deviation : 31.1554
Sharpe Ratio (Rf=0%) : 2.63
Max Drawdown: -0.4132
++++++++++++++++++++++++++++++++++++++
a : 1.4587552032642066
b : 0.9170847055268078
k : 6
window1 : 3
window2 : 21
Z-score : get_z_socre_two_windows
-------------------------------------
------FINALLY---------------------------------------
Return : 11.2956
Standard Deviation : 6.1102
Sharpe Ratio (Rf=0%) : 1.8487
Max Drawdown: -0.5668
++++++++++++++++++++++++++++++++++++++
a : 1.624743833250382
b : 0.8626119052818828
k : 58
window1 : 24
window2 : 52
Z-score : get_z_socre_two_windows
-------------------------------------
------FINALLY---------------------------------------
Return : 4.9938
Standard Deviation : 2.0146
Sharpe Ratio (Rf=0%) : 2.4788
Max Drawdown: -0.5149
++++++++++++++++++++++++++++++++++++++
a : 1.1034367964364573
b : 0.6371226009009734
k : 10
window1 : 28
window2 : 56
Z-score : get_z_socre_no_hege
-------------------------------------
------FINALLY---------------------------------------
Return : 3.8203
Standard Deviation : 1.6685
Sharpe Ratio (Rf=0%) : 2.2896
Max Drawdown: -0.5316
++++++++++++++++++++++++++++++++++++++
a : 1.2189989335626552
b : 0.7687490156455323
k : 28
window1 : 17
window2 : 21
Z-score : get_z_socre_no_hege
-------------------------------------
------FINALLY---------------------------------------
Return : 5.1262
Standard Deviation : 2.1238
Sharpe Ratio (Rf=0%) : 2.4137
Max Drawdown: -0.4916
++++++++++++++++++++++++++++++++++++++
a : 1.4935556209507128
b : 0.6145953169372618
k : 56
window1 : 20
window2 : 45
Z-score : get_z_socre_no_hege
-------------------------------------
------FINALLY---------------------------------------
Return : 3.8302
Standard Deviation : 1.7801
Sharpe Ratio (Rf=0%) : 2.1517
Max Drawdown: -0.5386
++++++++++++++++++++++++++++++++++++++
a : 1.5611286447825394
b : 0.06902096219668444
k : 40
window1 : 20
window2 : 34
Z-score : get_z_socre_hege
-------------------------------------
------FINALLY---------------------------------------
Return : 2.7346
Standard Deviation : 1.2813
Sharpe Ratio (Rf=0%) : 2.1341
Max Drawdown: -0.5844
++++++++++++++++++++++++++++++++++++++
a : 1.2591883972301052
b : 0.36643655552377014
k : 35
window1 : 13
window2 : 89
Z-score : get_z_socre_hege
-------------------------------------
------FINALLY---------------------------------------
Return : 3.6563
Standard Deviation : 1.6018
Sharpe Ratio (Rf=0%) : 2.2826
Max Drawdown: -0.5885
++++++++++++++++++++++++++++++++++++++
a : 1.1750126373149195
b : 0.16808332752729635
k : 39
window1 : 8
window2 : 52
Z-score : get_z_socre_hege
-------------------------------------
------FINALLY---------------------------------------
Return : 4.7077
Standard Deviation : 2.0433
Sharpe Ratio (Rf=0%) : 2.304
Max Drawdown: -0.508
++++++++++++++++++++++++++++++++++++++
a : 1.1355859710799605
b : 0.11816763834101902
k : 40
window1 : 5
window2 : 33
Z-score : get_z_socre_no_hege
-------------------------------------
------FINALLY---------------------------------------
Return : 11.0102
Standard Deviation : 4.5774
Sharpe Ratio (Rf=0%) : 2.4053
Max Drawdown: -0.496
++++++++++++++++++++++++++++++++++++++
a : 1.6585846515798688
b : 0.10515925027720004
k : 50
window1 : 3
window2 : 88
Z-score : get_z_socre_no_hege
-------------------------------------
------FINALLY---------------------------------------
Return : 6.9149
Standard Deviation : 2.8187
Sharpe Ratio (Rf=0%) : 2.4532
Max Drawdown: -0.5306
++++++++++++++++++++++++++++++++++++++
a : 1.7816412596703664
b : 0.6027486093501451
k : 44
window1 : 2
window2 : 39
Z-score : get_z_socre_hege
-------------------------------------
------FINALLY---------------------------------------
Return : 4.9671
Standard Deviation : 2.2185
Sharpe Ratio (Rf=0%) : 2.2389
Max Drawdown: -0.5652
++++++++++++++++++++++++++++++++++++++
a : 1.2439507560424945
b : 0.12635316457515916
k : 20
window1 : 13
window2 : 24
Z-score : get_z_socre_two_windows
-------------------------------------
------FINALLY---------------------------------------
Return : 49.5125
Standard Deviation : 20.6565
Sharpe Ratio (Rf=0%) : 2.3969
Max Drawdown: -0.4732
++++++++++++++++++++++++++++++++++++++
a : 1.4576151488231943
b : 0.2700817011206565
k : 32
window1 : 3
window2 : 60
Z-score : get_z_socre_two_windows
-------------------------------------
------FINALLY---------------------------------------
Return : 2.9864
Standard Deviation : 1.317
Sharpe Ratio (Rf=0%) : 2.2676
Max Drawdown: -0.5676
++++++++++++++++++++++++++++++++++++++
a : 1.2616694724365458
b : 0.664062172364408
k : 9
window1 : 21
window2 : 40
Z-score : get_z_socre_hege
-------------------------------------
except: attempt to get argmax of an empty sequence
------FINALLY---------------------------------------
Return : 5.0095
Standard Deviation : 2.1047
Sharpe Ratio (Rf=0%) : 2.3801
Max Drawdown: -0.4894
++++++++++++++++++++++++++++++++++++++
a : 1.5908032774768501
b : 0.9529447742150895
k : 16
window1 : 17
window2 : 61
Z-score : get_z_socre_no_hege
-------------------------------------
------FINALLY---------------------------------------
Return : 3.5773
Standard Deviation : 1.4815
Sharpe Ratio (Rf=0%) : 2.4147
Max Drawdown: -0.5601
++++++++++++++++++++++++++++++++++++++
a : 1.1862344897860884
b : 0.9436940312866453
k : 27
window1 : 25
window2 : 68
Z-score : get_z_socre_hege
-------------------------------------
------FINALLY---------------------------------------
Return : 14.1939
Standard Deviation : 6.4976
Sharpe Ratio (Rf=0%) : 2.1845
Max Drawdown: -0.5394
++++++++++++++++++++++++++++++++++++++
a : 1.652900277564957
b : 0.3985756260300449
k : 53
window1 : 17
window2 : 81
Z-score : get_z_socre_two_windows
-------------------------------------
------FINALLY---------------------------------------
Return : 4.0724
Standard Deviation : 1.9164
Sharpe Ratio (Rf=0%) : 2.125
Max Drawdown: -0.4971
++++++++++++++++++++++++++++++++++++++
a : 1.5829508810575161
b : 0.5012978942881682
k : 57
window1 : 19
window2 : 49
Z-score : get_z_socre_no_hege
-------------------------------------
------FINALLY---------------------------------------
Return : 4.6697
Standard Deviation : 2.0856
Sharpe Ratio (Rf=0%) : 2.239
Max Drawdown: -0.5313
++++++++++++++++++++++++++++++++++++++
a : 1.652900277564957
b : 0.6145953169372618
k : 27
window1 : 20
window2 : 44
Z-score : get_z_socre_no_hege
-------------------------------------
------FINALLY---------------------------------------
Return : 74.783
Standard Deviation : 32.2309
Sharpe Ratio (Rf=0%) : 2.3202
Max Drawdown: -0.5095
++++++++++++++++++++++++++++++++++++++
a : 1.4935556209507128
b : 0.41316878928034545
k : 10
window1 : 1
window2 : 88
Z-score : get_z_socre_two_windows
-------------------------------------
------FINALLY---------------------------------------
Return : 4.7912
Standard Deviation : 2.2473
Sharpe Ratio (Rf=0%) : 2.1319
Max Drawdown: -0.4951
++++++++++++++++++++++++++++++++++++++
a : 1.748029058360587
b : 0.6116866368465781
k : 33
window1 : 28
window2 : 56
Z-score : get_z_socre_no_hege
-------------------------------------
------FINALLY---------------------------------------
Return : 3.8641
Standard Deviation : 1.492
Sharpe Ratio (Rf=0%) : 2.5899
Max Drawdown: -0.5767
++++++++++++++++++++++++++++++++++++++
a : 1.1896575560989253
b : 0.2592693521349851
k : 5
window1 : 13
window2 : 39
Z-score : get_z_socre_hege
-------------------------------------
------FINALLY---------------------------------------
Return : 4.0443
Standard Deviation : 1.8545
Sharpe Ratio (Rf=0%) : 2.1808
Max Drawdown: -0.5113
++++++++++++++++++++++++++++++++++++++
a : 1.624743833250382
b : 0.6762818672786342
k : 58
window1 : 3
window2 : 21
Z-score : get_z_socre_hege
-------------------------------------
------FINALLY---------------------------------------
Return : 11.7597
Standard Deviation : 6.008
Sharpe Ratio (Rf=0%) : 1.9573
Max Drawdown: -0.569
++++++++++++++++++++++++++++++++++++++
a : 1.4587552032642066
b : 0.6433391485683911
k : 14
window1 : 24
window2 : 52
Z-score : get_z_socre_two_windows
-------------------------------------
------FINALLY---------------------------------------
Return : 3.1438
Standard Deviation : 1.3564
Sharpe Ratio (Rf=0%) : 2.3176
Max Drawdown: -0.6084
++++++++++++++++++++++++++++++++++++++
a : 1.0605246602355751
b : 0.11816763834101902
k : 27
window1 : 25
window2 : 68
Z-score : get_z_socre_hege
-------------------------------------
------FINALLY---------------------------------------
Return : 2.9349
Standard Deviation : 1.1725
Sharpe Ratio (Rf=0%) : 2.5032
Max Drawdown: -0.8551
++++++++++++++++++++++++++++++++++++++
a : 1.1355859710799605
b : 0.9436940312866453
k : 40
window1 : 5
window2 : 44
Z-score : get_z_socre_hege
-------------------------------------
------FINALLY---------------------------------------
Return : 13.8512
Standard Deviation : 6.0505
Sharpe Ratio (Rf=0%) : 2.2892
Max Drawdown: -0.5561
++++++++++++++++++++++++++++++++++++++
a : 1.0190276923137744
b : 0.3985756260300449
k : 53
window1 : 17
window2 : 81
Z-score : get_z_socre_two_windows
-------------------------------------
------FINALLY---------------------------------------
Return : 14.4117
Standard Deviation : 7.8931
Sharpe Ratio (Rf=0%) : 1.8259
Max Drawdown: -0.5475
++++++++++++++++++++++++++++++++++++++
a : 1.624743833250382
b : 0.06426683401277399
k : 19
window1 : 8
window2 : 52
Z-score : get_z_socre_two_windows
-------------------------------------
------FINALLY---------------------------------------
Return : 6.3867
Standard Deviation : 3.1944
Sharpe Ratio (Rf=0%) : 1.9993
Max Drawdown: -0.503
++++++++++++++++++++++++++++++++++++++
a : 1.520000493120243
b : 0.0446551870403811
k : 26
window1 : 13
window2 : 57
Z-score : get_z_socre_two_windows
-------------------------------------
------FINALLY---------------------------------------
Return : 3.8481
Standard Deviation : 1.4916
Sharpe Ratio (Rf=0%) : 2.5799
Max Drawdown: -0.4938
++++++++++++++++++++++++++++++++++++++
a : 1.2439507560424945
b : 0.10515925027720004
k : 50
window1 : 14
window2 : 24
Z-score : get_z_socre_no_hege
-------------------------------------
------FINALLY---------------------------------------
Return : 4.9963
Standard Deviation : 2.0665
Sharpe Ratio (Rf=0%) : 2.4178
Max Drawdown: -0.4928
++++++++++++++++++++++++++++++++++++++
a : 1.652900277564957
b : 0.4484307287149904
k : 10
window1 : 17
window2 : 81
Z-score : get_z_socre_no_hege
-------------------------------------
------FINALLY---------------------------------------
Return : 4.4394
Standard Deviation : 1.7498
Sharpe Ratio (Rf=0%) : 2.537
Max Drawdown: -0.5589
++++++++++++++++++++++++++++++++++++++
a : 1.1034367964364573
b : 0.3985756260300449
k : 53
window1 : 28
window2 : 56
Z-score : get_z_socre_hege
-------------------------------------
------FINALLY---------------------------------------
Return : 4.8623
Standard Deviation : 2.2144
Sharpe Ratio (Rf=0%) : 2.1958
Max Drawdown: -0.4916
++++++++++++++++++++++++++++++++++++++
a : 1.624743833250382
b : 0.8626119052818828
k : 40
window1 : 24
window2 : 52
Z-score : get_z_socre_no_hege
-------------------------------------
------FINALLY---------------------------------------
Return : 9.6454
Standard Deviation : 4.6466
Sharpe Ratio (Rf=0%) : 2.0758
Max Drawdown: -0.622
++++++++++++++++++++++++++++++++++++++
a : 1.5908032774768501
b : 0.9529447742150895
k : 16
window1 : 7
window2 : 61
Z-score : get_z_socre_two_windows
-------------------------------------
------FINALLY---------------------------------------
Return : 8.9004
Standard Deviation : 4.1765
Sharpe Ratio (Rf=0%) : 2.1311
Max Drawdown: -0.5319
++++++++++++++++++++++++++++++++++++++
a : 1.5933283667779539
b : 0.5542540377656513
k : 13
window1 : 17
window2 : 88
Z-score : get_z_socre_two_windows
-------------------------------------
------FINALLY---------------------------------------
Return : 11.8714
Standard Deviation : 5.4029
Sharpe Ratio (Rf=0%) : 2.1972
Max Drawdown: -0.5793
++++++++++++++++++++++++++++++++++++++
a : 1.5408065428611653
b : 0.4485655533458042
k : 53
window1 : 11
window2 : 27
Z-score : get_z_socre_two_windows
-------------------------------------
------FINALLY---------------------------------------
Return : 5.8429
Standard Deviation : 2.6208
Sharpe Ratio (Rf=0%) : 2.2295
Max Drawdown: -0.5334
++++++++++++++++++++++++++++++++++++++
a : 1.4587552032642066
b : 0.9170847055268078
k : 6
window1 : 16
window2 : 86
Z-score : get_z_socre_two_windows
-------------------------------------
------FINALLY---------------------------------------
Return : 56.592
Standard Deviation : 24.4774
Sharpe Ratio (Rf=0%) : 2.312
Max Drawdown: -0.4952
++++++++++++++++++++++++++++++++++++++
a : 1.4576151488231943
b : 0.30365062436257617
k : 32
window1 : 3
window2 : 59
Z-score : get_z_socre_two_windows
-------------------------------------
------FINALLY---------------------------------------
Return : 9.7129
Standard Deviation : 4.1255
Sharpe Ratio (Rf=0%) : 2.3544
Max Drawdown: -0.496
++++++++++++++++++++++++++++++++++++++
a : 1.4576151488231943
b : 0.7010445898262982
k : 32
window1 : 3
window2 : 51
Z-score : get_z_socre_no_hege
-------------------------------------
------FINALLY---------------------------------------
Return : 8.8585
Standard Deviation : 4.0743
Sharpe Ratio (Rf=0%) : 2.1742
Max Drawdown: -0.492
++++++++++++++++++++++++++++++++++++++
a : 1.0742836578028139
b : 0.32557698905000554
k : 37
window1 : 11
window2 : 70
Z-score : get_z_socre_two_windows
-------------------------------------
------FINALLY---------------------------------------
Return : 4.8343
Standard Deviation : 2.1705
Sharpe Ratio (Rf=0%) : 2.2273
Max Drawdown: -0.5537
++++++++++++++++++++++++++++++++++++++
a : 1.5408065428611653
b : 0.4485655533458042
k : 44
window1 : 8
window2 : 27
Z-score : get_z_socre_two_windows
-------------------------------------
------FINALLY---------------------------------------
Return : 8.7884
Standard Deviation : 4.7681
Sharpe Ratio (Rf=0%) : 1.8432
Max Drawdown: -0.5604
++++++++++++++++++++++++++++++++++++++
a : 1.149834567438322
b : 0.4838477648789095
k : 19
window1 : 11
window2 : 85
Z-score : get_z_socre_two_windows
-------------------------------------
------FINALLY---------------------------------------
Return : 11.8714
Standard Deviation : 5.4029
Sharpe Ratio (Rf=0%) : 2.1972
Max Drawdown: -0.5793
++++++++++++++++++++++++++++++++++++++
a : 1.5408065428611653
b : 0.4485655533458042
k : 53
window1 : 11
window2 : 27
Z-score : get_z_socre_two_windows
-------------------------------------
------FINALLY---------------------------------------
Return : 2.5132
Standard Deviation : 1.1739
Sharpe Ratio (Rf=0%) : 2.1408
Max Drawdown: -0.6223
++++++++++++++++++++++++++++++++++++++
a : 1.0190276923137744
b : 0.3985756260300449
k : 49
window1 : 11
window2 : 34
Z-score : get_z_socre_hege
-------------------------------------
------FINALLY---------------------------------------
Return : 3.0191
Standard Deviation : 1.4499
Sharpe Ratio (Rf=0%) : 2.0823
Max Drawdown: -0.5723
++++++++++++++++++++++++++++++++++++++
a : 1.5832030919401765
b : 0.047786101137818386
k : 20
window1 : 13
window2 : 83
Z-score : get_z_socre_hege
-------------------------------------
------FINALLY---------------------------------------
Return : 9.5216
Standard Deviation : 4.1309
Sharpe Ratio (Rf=0%) : 2.305
Max Drawdown: -0.5181
++++++++++++++++++++++++++++++++++++++
a : 1.2709109582005504
b : 0.8076025390822232
k : 10
window1 : 7
window2 : 88
Z-score : get_z_socre_two_windows
-------------------------------------
------FINALLY---------------------------------------
Return : 23.0489
Standard Deviation : 11.7801
Sharpe Ratio (Rf=0%) : 1.9566
Max Drawdown: -0.5779
++++++++++++++++++++++++++++++++++++++
a : 1.260035588908349
b : 0.6433391485683911
k : 14
window1 : 24
window2 : 81
Z-score : get_z_socre_two_windows
-------------------------------------
------FINALLY---------------------------------------
Return : 6.2875
Standard Deviation : 2.8803
Sharpe Ratio (Rf=0%) : 2.1829
Max Drawdown: -0.5543
++++++++++++++++++++++++++++++++++++++
a : 1.0190276923137744
b : 0.3985756260300449
k : 53
window1 : 17
window2 : 52
Z-score : get_z_socre_two_windows
-------------------------------------
------FINALLY---------------------------------------
Return : 5.6472
Standard Deviation : 2.3894
Sharpe Ratio (Rf=0%) : 2.3634
Max Drawdown: -0.5074
++++++++++++++++++++++++++++++++++++++
a : 1.4208643191421817
b : 0.6027486093501451
k : 15
window1 : 3
window2 : 39
Z-score : get_z_socre_hege
-------------------------------------
------FINALLY---------------------------------------
Return : 7.6781
Standard Deviation : 3.4939
Sharpe Ratio (Rf=0%) : 2.1976
Max Drawdown: -0.5657
++++++++++++++++++++++++++++++++++++++
a : 1.4576151488231943
b : 0.30365062436257617
k : 32
window1 : 18
window2 : 59
Z-score : get_z_socre_two_windows
-------------------------------------
------FINALLY---------------------------------------
Return : 5.9589
Standard Deviation : 2.3263
Sharpe Ratio (Rf=0%) : 2.5615
Max Drawdown: -0.5074
++++++++++++++++++++++++++++++++++++++
a : 1.3497916276576245
b : 0.4485655533458042
k : 51
window1 : 3
window2 : 87
Z-score : get_z_socre_hege
-------------------------------------
------FINALLY---------------------------------------
Return : 9.1498
Standard Deviation : 4.0886
Sharpe Ratio (Rf=0%) : 2.2379
Max Drawdown: -0.5079
++++++++++++++++++++++++++++++++++++++
a : 1.6350696705050987
b : 0.30365062436257617
k : 34
window1 : 21
window2 : 59
Z-score : get_z_socre_two_windows
-------------------------------------
------FINALLY---------------------------------------
Return : 20.4548
Standard Deviation : 9.9267
Sharpe Ratio (Rf=0%) : 2.0606
Max Drawdown: -0.5242
++++++++++++++++++++++++++++++++++++++
a : 1.6902871763719716
b : 0.6153038429178584
k : 19
window1 : 8
window2 : 83
Z-score : get_z_socre_two_windows
-------------------------------------
------FINALLY---------------------------------------
Return : 2.7005
Standard Deviation : 1.1012
Sharpe Ratio (Rf=0%) : 2.4524
Max Drawdown: -0.6049
++++++++++++++++++++++++++++++++++++++
a : 1.023477784144687
b : 0.9529447742150895
k : 16
window1 : 7
window2 : 61
Z-score : get_z_socre_two_windows
-------------------------------------
------FINALLY---------------------------------------
Return : 5.0385
Standard Deviation : 2.0924
Sharpe Ratio (Rf=0%) : 2.408
Max Drawdown: -0.4937
++++++++++++++++++++++++++++++++++++++
a : 1.5083571286437452
b : 0.9880341209169454
k : 32
window1 : 18
window2 : 59
Z-score : get_z_socre_no_hege
-------------------------------------
------FINALLY---------------------------------------
Return : 6.2459
Standard Deviation : 3.1339
Sharpe Ratio (Rf=0%) : 1.993
Max Drawdown: -0.522
++++++++++++++++++++++++++++++++++++++
a : 1.7587792908181559
b : 0.5542540377656513
k : 21
window1 : 23
window2 : 27
Z-score : get_z_socre_two_windows
-------------------------------------
------FINALLY---------------------------------------
Return : 17.2943
Standard Deviation : 7.1081
Sharpe Ratio (Rf=0%) : 2.433
Max Drawdown: -0.5154
++++++++++++++++++++++++++++++++++++++
a : 1.5408065428611653
b : 0.4485655533458042
k : 53
window1 : 4
window2 : 21
Z-score : get_z_socre_two_windows
-------------------------------------
------FINALLY---------------------------------------
Return : 25.9321
Standard Deviation : 10.6049
Sharpe Ratio (Rf=0%) : 2.4453
Max Drawdown: -0.4666
++++++++++++++++++++++++++++++++++++++
a : 1.4746396537438864
b : 0.6027486093501451
k : 44
window1 : 2
window2 : 39
Z-score : get_z_socre_two_windows
-------------------------------------
------FINALLY---------------------------------------
Return : 4.9871
Standard Deviation : 2.075
Sharpe Ratio (Rf=0%) : 2.4034
Max Drawdown: -0.4894
++++++++++++++++++++++++++++++++++++++
a : 1.4576151488231943
b : 0.9610020903685835
k : 47
window1 : 22
window2 : 62
Z-score : get_z_socre_no_hege
-------------------------------------
------FINALLY---------------------------------------
Return : 53.0431
Standard Deviation : 25.5815
Sharpe Ratio (Rf=0%) : 2.0735
Max Drawdown: -0.4735
++++++++++++++++++++++++++++++++++++++
a : 1.6350696705050987
b : 0.1833967755277963
k : 34
window1 : 3
window2 : 51
Z-score : get_z_socre_two_windows
-------------------------------------
------FINALLY---------------------------------------
Return : 5.8454
Standard Deviation : 2.2657
Sharpe Ratio (Rf=0%) : 2.5799
Max Drawdown: -0.4916
++++++++++++++++++++++++++++++++++++++
a : 1.5408065428611653
b : 0.8135957944457018
k : 30
window1 : 28
window2 : 27
Z-score : get_z_socre_no_hege
-------------------------------------
------FINALLY---------------------------------------
Return : 13.0737
Standard Deviation : 5.9764
Sharpe Ratio (Rf=0%) : 2.1876
Max Drawdown: -0.5584
++++++++++++++++++++++++++++++++++++++
a : 1.689182395515021
b : 0.6433391485683911
k : 53
window1 : 24
window2 : 81
Z-score : get_z_socre_two_windows
-------------------------------------
------FINALLY---------------------------------------
Return : 8.0046
Standard Deviation : 3.1407
Sharpe Ratio (Rf=0%) : 2.5486
Max Drawdown: -0.5377
++++++++++++++++++++++++++++++++++++++
a : 1.5396397851450598
b : 0.8076025390822232
k : 53
window1 : 7
window2 : 79
Z-score : get_z_socre_no_hege
-------------------------------------
------FINALLY---------------------------------------
Return : 8.7638
Standard Deviation : 3.5173
Sharpe Ratio (Rf=0%) : 2.4916
Max Drawdown: -0.4894
++++++++++++++++++++++++++++++++++++++
a : 1.3099325599821818
b : 0.4485655533458042
k : 10
window1 : 4
window2 : 88
Z-score : get_z_socre_no_hege
-------------------------------------
------FINALLY---------------------------------------
Return : 3.4161
Standard Deviation : 1.4962
Sharpe Ratio (Rf=0%) : 2.2832
Max Drawdown: -0.565
++++++++++++++++++++++++++++++++++++++
a : 1.5338186130568534
b : 0.15020019609923235
k : 14
window1 : 16
window2 : 63
Z-score : get_z_socre_hege
-------------------------------------
------FINALLY---------------------------------------
Return : 4.0504
Standard Deviation : 1.8804
Sharpe Ratio (Rf=0%) : 2.1541
Max Drawdown: -0.5472
++++++++++++++++++++++++++++++++++++++
a : 1.0742836578028139
b : 0.6433391485683911
k : 37
window1 : 17
window2 : 81
Z-score : get_z_socre_hege
-------------------------------------
------FINALLY---------------------------------------
Return : 12.7891
Standard Deviation : 5.9923
Sharpe Ratio (Rf=0%) : 2.1342
Max Drawdown: -0.5542
++++++++++++++++++++++++++++++++++++++
a : 1.7913798654115347
b : 0.6595993489859774
k : 51
window1 : 11
window2 : 70
Z-score : get_z_socre_two_windows
-------------------------------------
------FINALLY---------------------------------------
Return : 3.5999
Standard Deviation : 1.4138
Sharpe Ratio (Rf=0%) : 2.5462
Max Drawdown: -0.5341
++++++++++++++++++++++++++++++++++++++
a : 1.0190276923137744
b : 0.3985756260300449
k : 53
window1 : 13
window2 : 52
Z-score : get_z_socre_no_hege
-------------------------------------
------FINALLY---------------------------------------
Return : 32.956
Standard Deviation : 13.7261
Sharpe Ratio (Rf=0%) : 2.401
Max Drawdown: -0.4657
++++++++++++++++++++++++++++++++++++++
a : 1.6350696705050987
b : 0.30365062436257617
k : 34
window1 : 23
window2 : 39
Z-score : get_z_socre_two_windows
-------------------------------------
------FINALLY---------------------------------------
Return : 5.6548
Standard Deviation : 2.2529
Sharpe Ratio (Rf=0%) : 2.51
Max Drawdown: -0.5406
++++++++++++++++++++++++++++++++++++++
a : 1.541375440013395
b : 0.4485655533458042
k : 53
window1 : 11
window2 : 59
Z-score : get_z_socre_no_hege
-------------------------------------
------FINALLY---------------------------------------
Return : 3.4875
Standard Deviation : 1.4599
Sharpe Ratio (Rf=0%) : 2.3888
Max Drawdown: -0.5461
++++++++++++++++++++++++++++++++++++++
a : 1.5933283667779539
b : 0.6433391485683911
k : 13
window1 : 24
window2 : 48
Z-score : get_z_socre_hege
-------------------------------------
------FINALLY---------------------------------------
Return : 77.6529
Standard Deviation : 33.4505
Sharpe Ratio (Rf=0%) : 2.3214
Max Drawdown: -0.5115
++++++++++++++++++++++++++++++++++++++
a : 1.4603308422293235
b : 0.5507422179970897
k : 14
window1 : 1
window2 : 82
Z-score : get_z_socre_two_windows
-------------------------------------
------FINALLY---------------------------------------
Return : 22.7718
Standard Deviation : 8.9803
Sharpe Ratio (Rf=0%) : 2.5358
Max Drawdown: -0.5364
++++++++++++++++++++++++++++++++++++++
a : 1.260035588908349
b : 0.699338890048244
k : 14
window1 : 5
window2 : 81
Z-score : get_z_socre_two_windows
-------------------------------------
------FINALLY---------------------------------------
Return : 4.648
Standard Deviation : 2.0827
Sharpe Ratio (Rf=0%) : 2.2318
Max Drawdown: -0.5385
++++++++++++++++++++++++++++++++++++++
a : 1.6350696705050987
b : 0.30365062436257617
k : 34
window1 : 21
window2 : 59
Z-score : get_z_socre_no_hege
-------------------------------------
------FINALLY---------------------------------------
Return : 18.1216
Standard Deviation : 6.9058
Sharpe Ratio (Rf=0%) : 2.6241
Max Drawdown: -0.58
++++++++++++++++++++++++++++++++++++++
a : 1.4746396537438864
b : 0.6027486093501451
k : 44
window1 : 2
window2 : 76
Z-score : get_z_socre_two_windows
-------------------------------------
------FINALLY---------------------------------------
Return : 8.4264
Standard Deviation : 3.7441
Sharpe Ratio (Rf=0%) : 2.2506
Max Drawdown: -0.5244
++++++++++++++++++++++++++++++++++++++
a : 1.241957287644694
b : 0.7010445898262982
k : 32
window1 : 3
window2 : 51
Z-score : get_z_socre_no_hege
-------------------------------------
------FINALLY---------------------------------------
Return : 11.923
Standard Deviation : 4.8905
Sharpe Ratio (Rf=0%) : 2.438
Max Drawdown: -0.5235
++++++++++++++++++++++++++++++++++++++
a : 1.260035588908349
b : 0.8673455147005521
k : 14
window1 : 24
window2 : 53
Z-score : get_z_socre_two_windows
-------------------------------------
------FINALLY---------------------------------------
Return : 3.4253
Standard Deviation : 1.4766
Sharpe Ratio (Rf=0%) : 2.3198
Max Drawdown: -0.5963
++++++++++++++++++++++++++++++++++++++
a : 1.3498428775348528
b : 0.4485655533458042
k : 53
window1 : 11
window2 : 27
Z-score : get_z_socre_hege
-------------------------------------
------FINALLY---------------------------------------
Return : 8.0032
Standard Deviation : 3.2654
Sharpe Ratio (Rf=0%) : 2.4509
Max Drawdown: -0.5078
++++++++++++++++++++++++++++++++++++++
a : 1.2991384409122329
b : 0.4485655533458042
k : 47
window1 : 21
window2 : 84
Z-score : get_z_socre_two_windows
-------------------------------------
------FINALLY---------------------------------------
Return : 8.8431
Standard Deviation : 3.8368
Sharpe Ratio (Rf=0%) : 2.3048
Max Drawdown: -0.4737
++++++++++++++++++++++++++++++++++++++
a : 1.4362339180366084
b : 0.30365062436257617
k : 34
window1 : 4
window2 : 39
Z-score : get_z_socre_no_hege
-------------------------------------
except: attempt to get argmax of an empty sequence
------FINALLY---------------------------------------
Return : 18.1216
Standard Deviation : 6.9058
Sharpe Ratio (Rf=0%) : 2.6241
Max Drawdown: -0.58
++++++++++++++++++++++++++++++++++++++
a : 1.4746396537438864
b : 0.6027486093501451
k : 44
window1 : 2
window2 : 76
Z-score : get_z_socre_two_windows
-------------------------------------
------FINALLY---------------------------------------
Return : 16.8006
Standard Deviation : 7.3876
Sharpe Ratio (Rf=0%) : 2.2742
Max Drawdown: -0.509
++++++++++++++++++++++++++++++++++++++
a : 1.4603308422293235
b : 0.5507422179970897
k : 26
window1 : 18
window2 : 67
Z-score : get_z_socre_two_windows
-------------------------------------
------FINALLY---------------------------------------
Return : 4.0224
Standard Deviation : 1.8318
Sharpe Ratio (Rf=0%) : 2.1959
Max Drawdown: -0.5362
++++++++++++++++++++++++++++++++++++++
a : 1.367460371649673
b : 0.4415780104022503
k : 37
window1 : 11
window2 : 70
Z-score : get_z_socre_no_hege
-------------------------------------
------FINALLY---------------------------------------
Return : 4.4186
Standard Deviation : 1.822
Sharpe Ratio (Rf=0%) : 2.4251
Max Drawdown: -0.4862
++++++++++++++++++++++++++++++++++++++
a : 1.7739343639049898
b : 0.38981582995507275
k : 44
window1 : 29
window2 : 51
Z-score : get_z_socre_two_windows
-------------------------------------
------FINALLY---------------------------------------
Return : 3.2606
Standard Deviation : 1.4761
Sharpe Ratio (Rf=0%) : 2.2089
Max Drawdown: -0.5436
++++++++++++++++++++++++++++++++++++++
a : 1.6350696705050987
b : 0.1833967755277963
k : 34
window1 : 21
window2 : 56
Z-score : get_z_socre_hege
-------------------------------------
------FINALLY---------------------------------------
Return : 2.1698
Standard Deviation : 1.1017
Sharpe Ratio (Rf=0%) : 1.9695
Max Drawdown: -0.6207
++++++++++++++++++++++++++++++++++++++
a : 1.260035588908349
b : 0.6433391485683911
k : 6
window1 : 10
window2 : 48
Z-score : get_z_socre_two_windows
-------------------------------------
------FINALLY---------------------------------------
Return : 12.1071
Standard Deviation : 5.251
Sharpe Ratio (Rf=0%) : 2.3057
Max Drawdown: -0.5536
++++++++++++++++++++++++++++++++++++++
a : 1.689182395515021
b : 0.40705783788292477
k : 53
window1 : 24
window2 : 33
Z-score : get_z_socre_two_windows
-------------------------------------
------FINALLY---------------------------------------
Return : 9.6686
Standard Deviation : 5.5606
Sharpe Ratio (Rf=0%) : 1.7388
Max Drawdown: -0.5777
++++++++++++++++++++++++++++++++++++++
a : 1.6778450943146912
b : 0.30365062436257617
k : 26
window1 : 9
window2 : 55
Z-score : get_z_socre_two_windows
-------------------------------------
------FINALLY---------------------------------------
Return : 5.3648
Standard Deviation : 2.2216
Sharpe Ratio (Rf=0%) : 2.4148
Max Drawdown: -0.5074
++++++++++++++++++++++++++++++++++++++
a : 1.46148298270534
b : 0.6027486093501451
k : 15
window1 : 3
window2 : 39
Z-score : get_z_socre_hege
-------------------------------------
------FINALLY---------------------------------------
Return : 9.6705
Standard Deviation : 4.5294
Sharpe Ratio (Rf=0%) : 2.135
Max Drawdown: -0.496
++++++++++++++++++++++++++++++++++++++
a : 1.6350696705050987
b : 0.1833967755277963
k : 34
window1 : 3
window2 : 51
Z-score : get_z_socre_no_hege
-------------------------------------
------FINALLY---------------------------------------
Return : 36.8027
Standard Deviation : 19.6441
Sharpe Ratio (Rf=0%) : 1.8735
Max Drawdown: -0.5324
++++++++++++++++++++++++++++++++++++++
a : 1.1914895353037842
b : 0.4718761443354765
k : 19
window1 : 23
window2 : 39
Z-score : get_z_socre_two_windows
-------------------------------------
------FINALLY---------------------------------------
Return : 14.7186
Standard Deviation : 7.0846
Sharpe Ratio (Rf=0%) : 2.0776
Max Drawdown: -0.5191
++++++++++++++++++++++++++++++++++++++
a : 1.6350696705050987
b : 0.04097333396399745
k : 34
window1 : 23
window2 : 81
Z-score : get_z_socre_two_windows
-------------------------------------
------FINALLY---------------------------------------
Return : 4.6027
Standard Deviation : 1.7062
Sharpe Ratio (Rf=0%) : 2.6976
Max Drawdown: -0.5885
++++++++++++++++++++++++++++++++++++++
a : 1.0339278440231663
b : 0.40880747226615755
k : 53
window1 : 8
window2 : 39
Z-score : get_z_socre_hege
-------------------------------------
------FINALLY---------------------------------------
Return : 20.4768
Standard Deviation : 10.8174
Sharpe Ratio (Rf=0%) : 1.893
Max Drawdown: -0.5544
++++++++++++++++++++++++++++++++++++++
a : 1.0742836578028139
b : 0.32557698905000554
k : 37
window1 : 24
window2 : 51
Z-score : get_z_socre_two_windows
-------------------------------------
------FINALLY---------------------------------------
Return : 9.2691
Standard Deviation : 4.4638
Sharpe Ratio (Rf=0%) : 2.0765
Max Drawdown: -0.5613
++++++++++++++++++++++++++++++++++++++
a : 1.6953888725599011
b : 0.1833967755277963
k : 34
window1 : 11
window2 : 81
Z-score : get_z_socre_two_windows
-------------------------------------
------FINALLY---------------------------------------
Return : 2.691
Standard Deviation : 1.05
Sharpe Ratio (Rf=0%) : 2.5628
Max Drawdown: -0.8883
++++++++++++++++++++++++++++++++++++++
a : 1.146574041645692
b : 0.5507422179970897
k : 14
window1 : 27
window2 : 82
Z-score : get_z_socre_hege
-------------------------------------
------FINALLY---------------------------------------
Return : 10.7774
Standard Deviation : 5.8942
Sharpe Ratio (Rf=0%) : 1.8285
Max Drawdown: -0.5968
++++++++++++++++++++++++++++++++++++++
a : 1.7060648130819263
b : 0.12871105797500587
k : 56
window1 : 24
window2 : 53
Z-score : get_z_socre_two_windows
-------------------------------------
------FINALLY---------------------------------------
Return : 6.8957
Standard Deviation : 2.8186
Sharpe Ratio (Rf=0%) : 2.4465
Max Drawdown: -0.5306
++++++++++++++++++++++++++++++++++++++
a : 1.4746396537438864
b : 0.3717779712040953
k : 53
window1 : 2
window2 : 81
Z-score : get_z_socre_no_hege
-------------------------------------
------FINALLY---------------------------------------
Return : 2.8912
Standard Deviation : 1.3798
Sharpe Ratio (Rf=0%) : 2.0953
Max Drawdown: -0.6429
++++++++++++++++++++++++++++++++++++++
a : 1.689182395515021
b : 0.6904056574818467
k : 3
window1 : 22
window2 : 76
Z-score : get_z_socre_two_windows
-------------------------------------
------FINALLY---------------------------------------
Return : 4.209
Standard Deviation : 1.6852
Sharpe Ratio (Rf=0%) : 2.4976
Max Drawdown: -0.541
++++++++++++++++++++++++++++++++++++++
a : 1.260035588908349
b : 0.699338890048244
k : 48
window1 : 10
window2 : 81
Z-score : get_z_socre_no_hege
-------------------------------------
------FINALLY---------------------------------------
Return : 11.9208
Standard Deviation : 4.6761
Sharpe Ratio (Rf=0%) : 2.5493
Max Drawdown: -0.5622
++++++++++++++++++++++++++++++++++++++
a : 1.4746396537438864
b : 0.6027486093501451
k : 44
window1 : 5
window2 : 41
Z-score : get_z_socre_two_windows
-------------------------------------
------FINALLY---------------------------------------
Return : 54.5708
Standard Deviation : 25.9198
Sharpe Ratio (Rf=0%) : 2.1054
Max Drawdown: -0.473
++++++++++++++++++++++++++++++++++++++
a : 1.3852975026801957
b : 0.4718761443354765
k : 19
window1 : 3
window2 : 45
Z-score : get_z_socre_two_windows
-------------------------------------
------FINALLY---------------------------------------
Return : 4.5548
Standard Deviation : 1.9976
Sharpe Ratio (Rf=0%) : 2.2801
Max Drawdown: -0.4984
++++++++++++++++++++++++++++++++++++++
a : 1.4362339180366084
b : 0.334970102753788
k : 34
window1 : 24
window2 : 39
Z-score : get_z_socre_no_hege
-------------------------------------
------FINALLY---------------------------------------
Return : 10.1497
Standard Deviation : 5.2505
Sharpe Ratio (Rf=0%) : 1.9331
Max Drawdown: -0.5429
++++++++++++++++++++++++++++++++++++++
a : 1.1914895353037842
b : 0.8855556705639317
k : 19
window1 : 23
window2 : 53
Z-score : get_z_socre_two_windows
-------------------------------------
------FINALLY---------------------------------------
Return : 5.9727
Standard Deviation : 2.2826
Sharpe Ratio (Rf=0%) : 2.6166
Max Drawdown: -0.4916
++++++++++++++++++++++++++++++++++++++
a : 1.4750294366908014
b : 0.6027486093501451
k : 44
window1 : 29
window2 : 76
Z-score : get_z_socre_no_hege
-------------------------------------
------FINALLY---------------------------------------
Return : 3.699
Standard Deviation : 1.3322
Sharpe Ratio (Rf=0%) : 2.7766
Max Drawdown: -0.5033
++++++++++++++++++++++++++++++++++++++
a : 1.1914895353037842
b : 0.21078013903964554
k : 48
window1 : 17
window2 : 39
Z-score : get_z_socre_two_windows
-------------------------------------
------FINALLY---------------------------------------
Return : 72.2012
Standard Deviation : 28.2157
Sharpe Ratio (Rf=0%) : 2.5589
Max Drawdown: -0.4834
++++++++++++++++++++++++++++++++++++++
a : 1.11743422509337
b : 0.6027486093501451
k : 7
window1 : 1
window2 : 76
Z-score : get_z_socre_two_windows
-------------------------------------
------FINALLY---------------------------------------
Return : 51.2233
Standard Deviation : 23.9004
Sharpe Ratio (Rf=0%) : 2.1432
Max Drawdown: -0.5101
++++++++++++++++++++++++++++++++++++++
a : 1.3674868142672714
b : 0.5507422179970897
k : 26
window1 : 1
window2 : 67
Z-score : get_z_socre_two_windows
-------------------------------------
------FINALLY---------------------------------------
Return : 14.7708
Standard Deviation : 6.7942
Sharpe Ratio (Rf=0%) : 2.174
Max Drawdown: -0.5613
++++++++++++++++++++++++++++++++++++++
a : 1.689182395515021
b : 0.4757097527930275
k : 53
window1 : 24
window2 : 81
Z-score : get_z_socre_two_windows
-------------------------------------
------FINALLY---------------------------------------
Return : 9.782
Standard Deviation : 3.5149
Sharpe Ratio (Rf=0%) : 2.783
Max Drawdown: -0.527
++++++++++++++++++++++++++++++++++++++
a : 1.5396397851450598
b : 0.8076025390822232
k : 3
window1 : 7
window2 : 45
Z-score : get_z_socre_no_hege
-------------------------------------
------FINALLY---------------------------------------
Return : 23.5627
Standard Deviation : 8.8025
Sharpe Ratio (Rf=0%) : 2.6768
Max Drawdown: -0.5846
++++++++++++++++++++++++++++++++++++++
a : 1.4746396537438864
b : 0.6027486093501451
k : 53
window1 : 2
window2 : 79
Z-score : get_z_socre_two_windows
-------------------------------------
------FINALLY---------------------------------------
Return : 8.4377
Standard Deviation : 3.7991
Sharpe Ratio (Rf=0%) : 2.221
Max Drawdown: -0.5169
++++++++++++++++++++++++++++++++++++++
a : 1.6213517424995663
b : 0.4718761443354765
k : 19
window1 : 22
window2 : 39
Z-score : get_z_socre_two_windows
-------------------------------------
------FINALLY---------------------------------------
Return : 4.49
Standard Deviation : 2.0033
Sharpe Ratio (Rf=0%) : 2.2414
Max Drawdown: -0.4805
++++++++++++++++++++++++++++++++++++++
a : 1.6350696705050987
b : 0.4131106354866711
k : 34
window1 : 12
window2 : 26
Z-score : get_z_socre_no_hege
-------------------------------------
------FINALLY---------------------------------------
Return : 36.8027
Standard Deviation : 19.6441
Sharpe Ratio (Rf=0%) : 1.8735
Max Drawdown: -0.5324
++++++++++++++++++++++++++++++++++++++
a : 1.1914895353037842
b : 0.4718761443354765
k : 19
window1 : 23
window2 : 39
Z-score : get_z_socre_two_windows
-------------------------------------
------FINALLY---------------------------------------
Return : 6.6645
Standard Deviation : 2.9344
Sharpe Ratio (Rf=0%) : 2.2712
Max Drawdown: -0.4985
++++++++++++++++++++++++++++++++++++++
a : 1.1377755437589003
b : 0.2769478866075395
k : 34
window1 : 4
window2 : 80
Z-score : get_z_socre_no_hege
-------------------------------------
------FINALLY---------------------------------------
Return : 6.8957
Standard Deviation : 2.8186
Sharpe Ratio (Rf=0%) : 2.4465
Max Drawdown: -0.5306
++++++++++++++++++++++++++++++++++++++
a : 1.4746396537438864
b : 0.667295759220406
k : 53
window1 : 2
window2 : 76
Z-score : get_z_socre_hege
-------------------------------------
------FINALLY---------------------------------------
Return : 23.0564
Standard Deviation : 11.1368
Sharpe Ratio (Rf=0%) : 2.0703
Max Drawdown: -0.4978
++++++++++++++++++++++++++++++++++++++
a : 1.1914895353037842
b : 0.8516797713723779
k : 37
window1 : 23
window2 : 39
Z-score : get_z_socre_two_windows
-------------------------------------
------FINALLY---------------------------------------
Return : 3.5983
Standard Deviation : 1.4211
Sharpe Ratio (Rf=0%) : 2.5321
Max Drawdown: -0.5652
++++++++++++++++++++++++++++++++++++++
a : 1.1545507189313282
b : 0.3195865499717614
k : 53
window1 : 24
window2 : 66
Z-score : get_z_socre_hege
-------------------------------------
------FINALLY---------------------------------------
Return : 4.7607
Standard Deviation : 1.9395
Sharpe Ratio (Rf=0%) : 2.4546
Max Drawdown: -0.5877
++++++++++++++++++++++++++++++++++++++
a : 1.0121890557342887
b : 0.7506921220018881
k : 15
window1 : 24
window2 : 21
Z-score : get_z_socre_two_windows
-------------------------------------
except: attempt to get argmax of an empty sequence
------FINALLY---------------------------------------
Return : 9.9562
Standard Deviation : 4.1424
Sharpe Ratio (Rf=0%) : 2.4035
Max Drawdown: -0.5113
++++++++++++++++++++++++++++++++++++++
a : 1.1914895353037842
b : 0.8516797713723779
k : 49
window1 : 19
window2 : 39
Z-score : get_z_socre_two_windows
-------------------------------------
------FINALLY---------------------------------------
Return : 11.2493
Standard Deviation : 4.9072
Sharpe Ratio (Rf=0%) : 2.2924
Max Drawdown: -0.5158
++++++++++++++++++++++++++++++++++++++
a : 1.689182395515021
b : 0.43032013070538777
k : 53
window1 : 17
window2 : 81
Z-score : get_z_socre_two_windows
-------------------------------------
------FINALLY---------------------------------------
Return : 26.4943
Standard Deviation : 9.5456
Sharpe Ratio (Rf=0%) : 2.7755
Max Drawdown: -0.528
++++++++++++++++++++++++++++++++++++++
a : 1.4746396537438864
b : 0.4757097527930275
k : 7
window1 : 6
window2 : 79
Z-score : get_z_socre_two_windows
-------------------------------------
------FINALLY---------------------------------------
Return : 23.4613
Standard Deviation : 9.4921
Sharpe Ratio (Rf=0%) : 2.4717
Max Drawdown: -0.5042
++++++++++++++++++++++++++++++++++++++
a : 1.360416528084927
b : 0.6027486093501451
k : 53
window1 : 17
window2 : 85
Z-score : get_z_socre_two_windows
-------------------------------------
------FINALLY---------------------------------------
Return : 54.8057
Standard Deviation : 24.0881
Sharpe Ratio (Rf=0%) : 2.2752
Max Drawdown: -0.5087
++++++++++++++++++++++++++++++++++++++
a : 1.1914895353037842
b : 0.4300719556592337
k : 43
window1 : 23
window2 : 39
Z-score : get_z_socre_two_windows
-------------------------------------
------FINALLY---------------------------------------
Return : 25.5402
Standard Deviation : 9.4115
Sharpe Ratio (Rf=0%) : 2.7137
Max Drawdown: -0.5846
++++++++++++++++++++++++++++++++++++++
a : 1.4746396537438864
b : 0.4757097527930275
k : 53
window1 : 2
window2 : 79
Z-score : get_z_socre_two_windows
-------------------------------------
------FINALLY---------------------------------------
Return : 9.9416
Standard Deviation : 4.0137
Sharpe Ratio (Rf=0%) : 2.4769
Max Drawdown: -0.5669
++++++++++++++++++++++++++++++++++++++
a : 1.4204948054340552
b : 0.6573704960443919
k : 34
window1 : 24
window2 : 26
Z-score : get_z_socre_two_windows
-------------------------------------
------FINALLY---------------------------------------
Return : 12.7868
Standard Deviation : 5.4749
Sharpe Ratio (Rf=0%) : 2.3355
Max Drawdown: -0.5113
++++++++++++++++++++++++++++++++++++++
a : 1.5893974982082368
b : 0.4757097527930275
k : 53
window1 : 17
window2 : 81
Z-score : get_z_socre_two_windows
-------------------------------------
------FINALLY---------------------------------------
Return : 13.9853
Standard Deviation : 7.8452
Sharpe Ratio (Rf=0%) : 1.7827
Max Drawdown: -0.5384
++++++++++++++++++++++++++++++++++++++
a : 1.689182395515021
b : 0.04989587392333444
k : 12
window1 : 24
window2 : 81
Z-score : get_z_socre_two_windows
-------------------------------------
------FINALLY---------------------------------------
Return : 21.0492
Standard Deviation : 8.853
Sharpe Ratio (Rf=0%) : 2.3776
Max Drawdown: -0.5202
++++++++++++++++++++++++++++++++++++++
a : 1.52083647081376
b : 0.764523676357253
k : 29
window1 : 3
window2 : 22
Z-score : get_z_socre_two_windows
-------------------------------------
------FINALLY---------------------------------------
Return : 14.4384
Standard Deviation : 7.4435
Sharpe Ratio (Rf=0%) : 1.9397
Max Drawdown: -0.5774
++++++++++++++++++++++++++++++++++++++
a : 1.744225859494754
b : 0.6433391485683911
k : 16
window1 : 24
window2 : 81
Z-score : get_z_socre_two_windows
-------------------------------------
------FINALLY---------------------------------------
Return : 6.8831
Standard Deviation : 2.6779
Sharpe Ratio (Rf=0%) : 2.5703
Max Drawdown: -0.4818
++++++++++++++++++++++++++++++++++++++
a : 1.318560643417172
b : 0.6027486093501451
k : 14
window1 : 8
window2 : 79
Z-score : get_z_socre_no_hege
-------------------------------------
------FINALLY---------------------------------------
Return : 4.0055
Standard Deviation : 1.5963
Sharpe Ratio (Rf=0%) : 2.5092
Max Drawdown: -0.5242
++++++++++++++++++++++++++++++++++++++
a : 1.4746396537438864
b : 0.170026299184248
k : 53
window1 : 21
window2 : 64
Z-score : get_z_socre_hege
-------------------------------------
------FINALLY---------------------------------------
Return : 10.4142
Standard Deviation : 5.1963
Sharpe Ratio (Rf=0%) : 2.0042
Max Drawdown: -0.5477
++++++++++++++++++++++++++++++++++++++
a : 1.7572769887785742
b : 0.5507422179970897
k : 37
window1 : 18
window2 : 65
Z-score : get_z_socre_two_windows
-------------------------------------
------FINALLY---------------------------------------
Return : 3.2668
Standard Deviation : 1.4873
Sharpe Ratio (Rf=0%) : 2.1964
Max Drawdown: -0.5513
++++++++++++++++++++++++++++++++++++++
a : 1.4603308422293235
b : 0.8516797713723779
k : 26
window1 : 23
window2 : 67
Z-score : get_z_socre_hege
-------------------------------------
------FINALLY---------------------------------------
Return : 44.0136
Standard Deviation : 22.2227
Sharpe Ratio (Rf=0%) : 1.9806
Max Drawdown: -0.4902
++++++++++++++++++++++++++++++++++++++
a : 1.1914895353037842
b : 0.4718761443354765
k : 36
window1 : 1
window2 : 39
Z-score : get_z_socre_two_windows
-------------------------------------
------FINALLY---------------------------------------
Return : 22.0736
Standard Deviation : 10.4115
Sharpe Ratio (Rf=0%) : 2.1201
Max Drawdown: -0.506
++++++++++++++++++++++++++++++++++++++
a : 1.1914895353037842
b : 0.8516797713723779
k : 26
window1 : 23
window2 : 63
Z-score : get_z_socre_two_windows
-------------------------------------
------FINALLY---------------------------------------
Return : 5.1419
Standard Deviation : 2.2827
Sharpe Ratio (Rf=0%) : 2.2526
Max Drawdown: -0.5074
++++++++++++++++++++++++++++++++++++++
a : 1.3852975026801957
b : 0.4718761443354765
k : 19
window1 : 3
window2 : 45
Z-score : get_z_socre_hege
-------------------------------------
------FINALLY---------------------------------------
Return : 7.3964
Standard Deviation : 3.8845
Sharpe Ratio (Rf=0%) : 1.9041
Max Drawdown: -0.5368
++++++++++++++++++++++++++++++++++++++
a : 1.4603308422293235
b : 0.6048039263778426
k : 39
window1 : 8
window2 : 67
Z-score : get_z_socre_two_windows
-------------------------------------
------FINALLY---------------------------------------
Return : 3.0265
Standard Deviation : 1.5288
Sharpe Ratio (Rf=0%) : 1.9796
Max Drawdown: -0.5863
++++++++++++++++++++++++++++++++++++++
a : 1.3852975026801957
b : 0.37573876556433844
k : 19
window1 : 13
window2 : 81
Z-score : get_z_socre_hege
-------------------------------------
------FINALLY---------------------------------------
Return : 3.3205
Standard Deviation : 1.5214
Sharpe Ratio (Rf=0%) : 2.1825
Max Drawdown: -0.5758
++++++++++++++++++++++++++++++++++++++
a : 1.1914895353037842
b : 0.6429127012243274
k : 26
window1 : 9
window2 : 63
Z-score : get_z_socre_no_hege
-------------------------------------
------FINALLY---------------------------------------
Return : 9.9454
Standard Deviation : 3.9435
Sharpe Ratio (Rf=0%) : 2.522
Max Drawdown: -0.5195
++++++++++++++++++++++++++++++++++++++
a : 1.360416528084927
b : 0.4757097527930275
k : 53
window1 : 6
window2 : 79
Z-score : get_z_socre_two_windows
-------------------------------------
------FINALLY---------------------------------------
Return : 17.6801
Standard Deviation : 8.3178
Sharpe Ratio (Rf=0%) : 2.1256
Max Drawdown: -0.5446
++++++++++++++++++++++++++++++++++++++
a : 1.030695621698653
b : 0.561181278774801
k : 7
window1 : 17
window2 : 82
Z-score : get_z_socre_two_windows
-------------------------------------
------FINALLY---------------------------------------
Return : 3.2337
Standard Deviation : 1.4657
Sharpe Ratio (Rf=0%) : 2.2062
Max Drawdown: -0.5576
++++++++++++++++++++++++++++++++++++++
a : 1.1914895353037842
b : 0.4300719556592337
k : 37
window1 : 23
window2 : 39
Z-score : get_z_socre_no_hege
-------------------------------------
------FINALLY---------------------------------------
Return : 10.5587
Standard Deviation : 4.5255
Sharpe Ratio (Rf=0%) : 2.3332
Max Drawdown: -0.4986
++++++++++++++++++++++++++++++++++++++
a : 1.4555104485364334
b : 0.6817968456708232
k : 43
window1 : 23
window2 : 43
Z-score : get_z_socre_two_windows
-------------------------------------
------FINALLY---------------------------------------
Return : 50.9103
Standard Deviation : 20.6929
Sharpe Ratio (Rf=0%) : 2.4603
Max Drawdown: -0.4565
++++++++++++++++++++++++++++++++++++++
a : 1.3852975026801957
b : 0.4718761443354765
k : 53
window1 : 3
window2 : 81
Z-score : get_z_socre_two_windows
-------------------------------------
------FINALLY---------------------------------------
Return : 4.8778
Standard Deviation : 2.3189
Sharpe Ratio (Rf=0%) : 2.1035
Max Drawdown: -0.4951
++++++++++++++++++++++++++++++++++++++
a : 1.7244908848257494
b : 0.4757097527930275
k : 58
window1 : 24
window2 : 45
Z-score : get_z_socre_no_hege
-------------------------------------
------FINALLY---------------------------------------
Return : 5.5756
Standard Deviation : 2.2623
Sharpe Ratio (Rf=0%) : 2.4646
Max Drawdown: -0.5286
++++++++++++++++++++++++++++++++++++++
a : 1.297017701206268
b : 0.8516797713723779
k : 25
window1 : 16
window2 : 39
Z-score : get_z_socre_two_windows
-------------------------------------
------FINALLY---------------------------------------
Return : 14.7708
Standard Deviation : 6.7942
Sharpe Ratio (Rf=0%) : 2.174
Max Drawdown: -0.5613
++++++++++++++++++++++++++++++++++++++
a : 1.689182395515021
b : 0.4757097527930275
k : 53
window1 : 24
window2 : 81
Z-score : get_z_socre_two_windows
-------------------------------------
------FINALLY---------------------------------------
Return : 6.8957
Standard Deviation : 2.8186
Sharpe Ratio (Rf=0%) : 2.4465
Max Drawdown: -0.5306
++++++++++++++++++++++++++++++++++++++
a : 1.4786964492372037
b : 0.4757097527930275
k : 53
window1 : 2
window2 : 79
Z-score : get_z_socre_no_hege
-------------------------------------
------FINALLY---------------------------------------
Return : 9.3928
Standard Deviation : 4.161
Sharpe Ratio (Rf=0%) : 2.2573
Max Drawdown: -0.5345
++++++++++++++++++++++++++++++++++++++
a : 1.4603308422293235
b : 0.5507422179970897
k : 56
window1 : 16
window2 : 67
Z-score : get_z_socre_two_windows
-------------------------------------
------FINALLY---------------------------------------
Return : 5.5557
Standard Deviation : 2.123
Sharpe Ratio (Rf=0%) : 2.6169
Max Drawdown: -0.5106
++++++++++++++++++++++++++++++++++++++
a : 1.1914895353037842
b : 0.6027486093501451
k : 53
window1 : 17
window2 : 38
Z-score : get_z_socre_two_windows
-------------------------------------
------FINALLY---------------------------------------
Return : 17.2921
Standard Deviation : 8.7205
Sharpe Ratio (Rf=0%) : 1.9829
Max Drawdown: -0.5596
++++++++++++++++++++++++++++++++++++++
a : 1.0896922494807202
b : 0.03496648351764926
k : 26
window1 : 15
window2 : 63
Z-score : get_z_socre_two_windows
-------------------------------------
------FINALLY---------------------------------------
Return : 18.1426
Standard Deviation : 6.1152
Sharpe Ratio (Rf=0%) : 2.9668
Max Drawdown: -0.4183
++++++++++++++++++++++++++++++++++++++
a : 1.360416528084927
b : 0.6332981262935702
k : 3
window1 : 3
window2 : 31
Z-score : get_z_socre_two_windows
-------------------------------------
------FINALLY---------------------------------------
Return : 4.4421
Standard Deviation : 1.7199
Sharpe Ratio (Rf=0%) : 2.5827
Max Drawdown: -0.4305
++++++++++++++++++++++++++++++++++++++
a : 1.3953192220288955
b : 0.6027486093501451
k : 4
window1 : 17
window2 : 30
Z-score : get_z_socre_two_windows
-------------------------------------
------FINALLY---------------------------------------
Return : 3.1581
Standard Deviation : 1.4698
Sharpe Ratio (Rf=0%) : 2.1486
Max Drawdown: -0.5867
++++++++++++++++++++++++++++++++++++++
a : 1.7343481446290916
b : 0.4718761443354765
k : 36
window1 : 9
window2 : 33
Z-score : get_z_socre_two_windows
-------------------------------------
------FINALLY---------------------------------------
Return : 4.0409
Standard Deviation : 1.8085
Sharpe Ratio (Rf=0%) : 2.2344
Max Drawdown: -0.5587
++++++++++++++++++++++++++++++++++++++
a : 1.7075578341195157
b : 0.8516797713723779
k : 37
window1 : 24
window2 : 25
Z-score : get_z_socre_two_windows
-------------------------------------
------FINALLY---------------------------------------
Return : 3.2419
Standard Deviation : 1.334
Sharpe Ratio (Rf=0%) : 2.4303
Max Drawdown: -0.5532
++++++++++++++++++++++++++++++++++++++
a : 1.689182395515021
b : 0.4757097527930275
k : 53
window1 : 24
window2 : 20
Z-score : get_z_socre_hege
-------------------------------------
------FINALLY---------------------------------------
Return : 11.8447
Standard Deviation : 5.6671
Sharpe Ratio (Rf=0%) : 2.0901
Max Drawdown: -0.6042
++++++++++++++++++++++++++++++++++++++
a : 1.0151928893439823
b : 0.6027486093501451
k : 4
window1 : 17
window2 : 85
Z-score : get_z_socre_two_windows
-------------------------------------
------FINALLY---------------------------------------
Return : 3.3249
Standard Deviation : 1.4881
Sharpe Ratio (Rf=0%) : 2.2344
Max Drawdown: -0.5541
++++++++++++++++++++++++++++++++++++++
a : 1.729076942464022
b : 0.4757097527930275
k : 16
window1 : 17
window2 : 81
Z-score : get_z_socre_hege
-------------------------------------
------FINALLY---------------------------------------
Return : 12.7947
Standard Deviation : 5.0636
Sharpe Ratio (Rf=0%) : 2.5268
Max Drawdown: -0.5595
++++++++++++++++++++++++++++++++++++++
a : 1.5893974982082368
b : 0.1754328117649572
k : 54
window1 : 5
window2 : 81
Z-score : get_z_socre_two_windows
-------------------------------------
------FINALLY---------------------------------------
Return : 11.5849
Standard Deviation : 4.4941
Sharpe Ratio (Rf=0%) : 2.5778
Max Drawdown: -0.4757
++++++++++++++++++++++++++++++++++++++
a : 1.4000498311417982
b : 0.4718761443354765
k : 53
window1 : 25
window2 : 81
Z-score : get_z_socre_two_windows
-------------------------------------
------FINALLY---------------------------------------
Return : 33.2836
Standard Deviation : 16.4325
Sharpe Ratio (Rf=0%) : 2.0255
Max Drawdown: -0.4957
++++++++++++++++++++++++++++++++++++++
a : 1.1768849003414856
b : 0.5289384447473623
k : 34
window1 : 3
window2 : 26
Z-score : get_z_socre_two_windows
-------------------------------------
------FINALLY---------------------------------------
Return : 18.3971
Standard Deviation : 12.268
Sharpe Ratio (Rf=0%) : 1.4996
Max Drawdown: -0.5832
++++++++++++++++++++++++++++++++++++++
a : 1.689182395515021
b : 0.5565191628050841
k : 25
window1 : 23
window2 : 81
Z-score : get_z_socre_two_windows
-------------------------------------
------FINALLY---------------------------------------
Return : 15.9066
Standard Deviation : 8.2231
Sharpe Ratio (Rf=0%) : 1.9344
Max Drawdown: -0.5583
++++++++++++++++++++++++++++++++++++++
a : 1.0779807218284707
b : 0.41962349447451136
k : 16
window1 : 24
window2 : 81
Z-score : get_z_socre_two_windows
-------------------------------------
------FINALLY---------------------------------------
Return : 3.9061
Standard Deviation : 1.7151
Sharpe Ratio (Rf=0%) : 2.2775
Max Drawdown: -0.5496
++++++++++++++++++++++++++++++++++++++
a : 1.1404416150452108
b : 0.9293500037226801
k : 34
window1 : 24
window2 : 87
Z-score : get_z_socre_no_hege
-------------------------------------
------FINALLY---------------------------------------
Return : 13.2046
Standard Deviation : 4.8471
Sharpe Ratio (Rf=0%) : 2.7243
Max Drawdown: -0.4691
++++++++++++++++++++++++++++++++++++++
a : 1.4204948054340552
b : 0.4718761443354765
k : 4
window1 : 3
window2 : 81
Z-score : get_z_socre_no_hege
-------------------------------------
------FINALLY---------------------------------------
Return : 17.2921
Standard Deviation : 8.7205
Sharpe Ratio (Rf=0%) : 1.9829
Max Drawdown: -0.5596
++++++++++++++++++++++++++++++++++++++
a : 1.0896922494807202
b : 0.03496648351764926
k : 26
window1 : 15
window2 : 63
Z-score : get_z_socre_two_windows
-------------------------------------
------FINALLY---------------------------------------
Return : 12.6851
Standard Deviation : 7.8377
Sharpe Ratio (Rf=0%) : 1.6185
Max Drawdown: -0.6199
++++++++++++++++++++++++++++++++++++++
a : 1.2388841221636557
b : 0.561181278774801
k : 7
window1 : 25
window2 : 82
Z-score : get_z_socre_two_windows
-------------------------------------
------FINALLY---------------------------------------
Return : 7.0621
Standard Deviation : 2.8267
Sharpe Ratio (Rf=0%) : 2.4983
Max Drawdown: -0.522
++++++++++++++++++++++++++++++++++++++
a : 1.744225859494754
b : 0.7814659203649119
k : 16
window1 : 24
window2 : 64
Z-score : get_z_socre_two_windows
-------------------------------------
------FINALLY---------------------------------------
Return : 26.8178
Standard Deviation : 12.9822
Sharpe Ratio (Rf=0%) : 2.0657
Max Drawdown: -0.5308
++++++++++++++++++++++++++++++++++++++
a : 1.1914895353037842
b : 0.8516797713723779
k : 58
window1 : 23
window2 : 81
Z-score : get_z_socre_two_windows
-------------------------------------
------FINALLY---------------------------------------
Return : 17.5732
Standard Deviation : 8.1686
Sharpe Ratio (Rf=0%) : 2.1513
Max Drawdown: -0.4995
++++++++++++++++++++++++++++++++++++++
a : 1.1914895353037842
b : 0.0800199004322496
k : 53
window1 : 3
window2 : 63
Z-score : get_z_socre_two_windows
-------------------------------------
------FINALLY---------------------------------------
Return : 12.8329
Standard Deviation : 7.1765
Sharpe Ratio (Rf=0%) : 1.7882
Max Drawdown: -0.5293
++++++++++++++++++++++++++++++++++++++
a : 1.3852975026801957
b : 0.5765482025642258
k : 19
window1 : 28
window2 : 81
Z-score : get_z_socre_two_windows
-------------------------------------
------FINALLY---------------------------------------
Return : 7.9278
Standard Deviation : 2.1164
Sharpe Ratio (Rf=0%) : 3.7459
Max Drawdown: -0.3588
++++++++++++++++++++++++++++++++++++++
a : 1.360416528084927
b : 0.15608260890138742
k : 3
window1 : 3
window2 : 31
Z-score : get_z_socre_two_windows
-------------------------------------
------FINALLY---------------------------------------
Return : 3.217
Standard Deviation : 1.4859
Sharpe Ratio (Rf=0%) : 2.165
Max Drawdown: -0.5195
++++++++++++++++++++++++++++++++++++++
a : 1.4603308422293235
b : 0.17220959382978396
k : 26
window1 : 18
window2 : 31
Z-score : get_z_socre_no_hege
-------------------------------------
------FINALLY---------------------------------------
Return : 13.5945
Standard Deviation : 5.8319
Sharpe Ratio (Rf=0%) : 2.331
Max Drawdown: -0.5432
++++++++++++++++++++++++++++++++++++++
a : 1.1839410359796358
b : 0.4757097527930275
k : 53
window1 : 17
window2 : 81
Z-score : get_z_socre_two_windows
-------------------------------------
------FINALLY---------------------------------------
Return : 11.6017
Standard Deviation : 4.9892
Sharpe Ratio (Rf=0%) : 2.3254
Max Drawdown: -0.5434
++++++++++++++++++++++++++++++++++++++
a : 1.0111605148524725
b : 0.48321037426468544
k : 44
window1 : 27
window2 : 28
Z-score : get_z_socre_two_windows
-------------------------------------
------FINALLY---------------------------------------
Return : 21.2523
Standard Deviation : 10.2097
Sharpe Ratio (Rf=0%) : 2.0816
Max Drawdown: -0.5202
++++++++++++++++++++++++++++++++++++++
a : 1.689182395515021
b : 0.5565191628050841
k : 46
window1 : 23
window2 : 81
Z-score : get_z_socre_two_windows
-------------------------------------
------FINALLY---------------------------------------
Return : 3.3315
Standard Deviation : 1.3009
Sharpe Ratio (Rf=0%) : 2.561
Max Drawdown: -0.5516
++++++++++++++++++++++++++++++++++++++
a : 1.2388841221636557
b : 0.561181278774801
k : 7
window1 : 28
window2 : 80
Z-score : get_z_socre_no_hege
-------------------------------------
------FINALLY---------------------------------------
Return : 7.499
Standard Deviation : 3.7739
Sharpe Ratio (Rf=0%) : 1.9871
Max Drawdown: -0.4997
++++++++++++++++++++++++++++++++++++++
a : 1.3726988933491053
b : 0.7275716140335645
k : 58
window1 : 27
window2 : 85
Z-score : get_z_socre_two_windows
-------------------------------------
------FINALLY---------------------------------------
Return : 6.8134
Standard Deviation : 2.7841
Sharpe Ratio (Rf=0%) : 2.4473
Max Drawdown: -0.5638
++++++++++++++++++++++++++++++++++++++
a : 1.1914895353037842
b : 0.8516797713723779
k : 7
window1 : 25
window2 : 30
Z-score : get_z_socre_two_windows
-------------------------------------
------FINALLY---------------------------------------
Return : 15.781
Standard Deviation : 6.193
Sharpe Ratio (Rf=0%) : 2.5482
Max Drawdown: -0.4738
++++++++++++++++++++++++++++++++++++++
a : 1.2560721378612936
b : 0.5765482025642258
k : 53
window1 : 4
window2 : 62
Z-score : get_z_socre_two_windows
-------------------------------------
------FINALLY---------------------------------------
Return : 18.4533
Standard Deviation : 8.5838
Sharpe Ratio (Rf=0%) : 2.1498
Max Drawdown: -0.4443
++++++++++++++++++++++++++++++++++++++
a : 1.5893974982082368
b : 0.1754328117649572
k : 19
window1 : 6
window2 : 59
Z-score : get_z_socre_two_windows
-------------------------------------
------FINALLY---------------------------------------
Return : 11.9677
Standard Deviation : 5.2201
Sharpe Ratio (Rf=0%) : 2.2926
Max Drawdown: -0.5099
++++++++++++++++++++++++++++++++++++++
a : 1.1768849003414856
b : 0.5289384447473623
k : 34
window1 : 19
window2 : 26
Z-score : get_z_socre_two_windows
-------------------------------------
------FINALLY---------------------------------------
Return : 3.738
Standard Deviation : 1.6865
Sharpe Ratio (Rf=0%) : 2.2164
Max Drawdown: -0.5722
++++++++++++++++++++++++++++++++++++++
a : 1.0151928893439823
b : 0.8019701764508197
k : 4
window1 : 17
window2 : 47
Z-score : get_z_socre_two_windows
-------------------------------------
------FINALLY---------------------------------------
Return : 4.9864
Standard Deviation : 2.1835
Sharpe Ratio (Rf=0%) : 2.2837
Max Drawdown: -0.4912
++++++++++++++++++++++++++++++++++++++
a : 1.6291896192577426
b : 0.42544358912898594
k : 35
window1 : 27
window2 : 81
Z-score : get_z_socre_no_hege
-------------------------------------
------FINALLY---------------------------------------
Return : 13.8343
Standard Deviation : 7.0054
Sharpe Ratio (Rf=0%) : 1.9748
Max Drawdown: -0.5844
++++++++++++++++++++++++++++++++++++++
a : 1.7119720368770275
b : 0.6027486093501451
k : 41
window1 : 10
window2 : 82
Z-score : get_z_socre_two_windows
-------------------------------------
------FINALLY---------------------------------------
Return : 24.5931
Standard Deviation : 12.0607
Sharpe Ratio (Rf=0%) : 2.0391
Max Drawdown: -0.5342
++++++++++++++++++++++++++++++++++++++
a : 1.1768849003414856
b : 0.13493736585194052
k : 34
window1 : 3
window2 : 26
Z-score : get_z_socre_two_windows
-------------------------------------
------FINALLY---------------------------------------
Return : 3.4199
Standard Deviation : 1.51
Sharpe Ratio (Rf=0%) : 2.2649
Max Drawdown: -0.5339
++++++++++++++++++++++++++++++++++++++
a : 1.1839410359796358
b : 0.20686049090704436
k : 27
window1 : 21
window2 : 68
Z-score : get_z_socre_no_hege
-------------------------------------
------FINALLY---------------------------------------
Return : 26.0912
Standard Deviation : 11.0574
Sharpe Ratio (Rf=0%) : 2.3596
Max Drawdown: -0.5324
++++++++++++++++++++++++++++++++++++++
a : 1.0896922494807202
b : 0.4842184688930465
k : 53
window1 : 15
window2 : 63
Z-score : get_z_socre_two_windows
-------------------------------------
------FINALLY---------------------------------------
Return : 6.0615
Standard Deviation : 2.8952
Sharpe Ratio (Rf=0%) : 2.0936
Max Drawdown: -0.4498
++++++++++++++++++++++++++++++++++++++
a : 1.3899564124300328
b : 0.2560020872842288
k : 7
window1 : 25
window2 : 82
Z-score : get_z_socre_two_windows
-------------------------------------
------FINALLY---------------------------------------
Return : 4.221
Standard Deviation : 1.912
Sharpe Ratio (Rf=0%) : 2.2076
Max Drawdown: -0.4916
++++++++++++++++++++++++++++++++++++++
a : 1.689182395515021
b : 0.5565191628050841
k : 25
window1 : 23
window2 : 81
Z-score : get_z_socre_no_hege
-------------------------------------
------FINALLY---------------------------------------
Return : 7.0726
Standard Deviation : 3.8839
Sharpe Ratio (Rf=0%) : 1.821
Max Drawdown: -0.5965
++++++++++++++++++++++++++++++++++++++
a : 1.7519785401167094
b : 0.0800199004322496
k : 11
window1 : 22
window2 : 44
Z-score : get_z_socre_two_windows
-------------------------------------
------FINALLY---------------------------------------
Return : 5.7739
Standard Deviation : 2.5084
Sharpe Ratio (Rf=0%) : 2.3018
Max Drawdown: -0.521
++++++++++++++++++++++++++++++++++++++
a : 1.0779807218284707
b : 0.41962349447451136
k : 16
window1 : 3
window2 : 81
Z-score : get_z_socre_hege
-------------------------------------
------FINALLY---------------------------------------
Return : 13.2046
Standard Deviation : 4.8471
Sharpe Ratio (Rf=0%) : 2.7243
Max Drawdown: -0.4691
++++++++++++++++++++++++++++++++++++++
a : 1.4204948054340552
b : 0.4718761443354765
k : 4
window1 : 3
window2 : 37
Z-score : get_z_socre_no_hege
-------------------------------------
------FINALLY---------------------------------------
Return : 25.8409
Standard Deviation : 12.6896
Sharpe Ratio (Rf=0%) : 2.0364
Max Drawdown: -0.5176
++++++++++++++++++++++++++++++++++++++
a : 1.401521256253435
b : 0.6036434898129236
k : 25
window1 : 23
window2 : 81
Z-score : get_z_socre_two_windows
-------------------------------------
------FINALLY---------------------------------------
Return : 21.0144
Standard Deviation : 10.1681
Sharpe Ratio (Rf=0%) : 2.0667
Max Drawdown: -0.5596
++++++++++++++++++++++++++++++++++++++
a : 1.0896922494807202
b : 0.03496648351764926
k : 31
window1 : 15
window2 : 63
Z-score : get_z_socre_two_windows
-------------------------------------
------FINALLY---------------------------------------
Return : 3.1463
Standard Deviation : 1.418
Sharpe Ratio (Rf=0%) : 2.2189
Max Drawdown: -0.5228
++++++++++++++++++++++++++++++++++++++
a : 1.1768849003414856
b : 0.019556082032406906
k : 35
window1 : 13
window2 : 63
Z-score : get_z_socre_two_windows
-------------------------------------
------FINALLY---------------------------------------
Return : 12.2565
Standard Deviation : 5.5018
Sharpe Ratio (Rf=0%) : 2.2277
Max Drawdown: -0.5398
++++++++++++++++++++++++++++++++++++++
a : 1.5043018541930602
b : 0.13493736585194052
k : 53
window1 : 20
window2 : 63
Z-score : get_z_socre_two_windows
-------------------------------------
------FINALLY---------------------------------------
Return : 5.1089
Standard Deviation : 2.3077
Sharpe Ratio (Rf=0%) : 2.2139
Max Drawdown: -0.5346
++++++++++++++++++++++++++++++++++++++
a : 1.039307812255726
b : 0.2401867562966149
k : 46
window1 : 27
window2 : 36
Z-score : get_z_socre_two_windows
-------------------------------------
------FINALLY---------------------------------------
Return : 20.4831
Standard Deviation : 9.5701
Sharpe Ratio (Rf=0%) : 2.1403
Max Drawdown: -0.4766
++++++++++++++++++++++++++++++++++++++
a : 1.1839410359796358
b : 0.7733878969375905
k : 21
window1 : 26
window2 : 81
Z-score : get_z_socre_two_windows
-------------------------------------
------FINALLY---------------------------------------
Return : 8.723
Standard Deviation : 4.118
Sharpe Ratio (Rf=0%) : 2.1183
Max Drawdown: -0.5395
++++++++++++++++++++++++++++++++++++++
a : 1.1768849003414856
b : 0.13493736585194052
k : 34
window1 : 11
window2 : 26
Z-score : get_z_socre_two_windows
-------------------------------------
------FINALLY---------------------------------------
Return : 6.0188
Standard Deviation : 2.8345
Sharpe Ratio (Rf=0%) : 2.1234
Max Drawdown: -0.5444
++++++++++++++++++++++++++++++++++++++
a : 1.5893974982082368
b : 0.1754328117649572
k : 19
window1 : 6
window2 : 59
Z-score : get_z_socre_no_hege
-------------------------------------
------FINALLY---------------------------------------
Return : 7.0305
Standard Deviation : 2.7618
Sharpe Ratio (Rf=0%) : 2.5457
Max Drawdown: -0.5373
++++++++++++++++++++++++++++++++++++++
a : 1.441668522879679
b : 0.4842184688930465
k : 53
window1 : 7
window2 : 81
Z-score : get_z_socre_no_hege
-------------------------------------
------FINALLY---------------------------------------
Return : 4.6153
Standard Deviation : 1.8102
Sharpe Ratio (Rf=0%) : 2.5496
Max Drawdown: -0.5893
++++++++++++++++++++++++++++++++++++++
a : 1.3714711352647946
b : 0.4718761443354765
k : 4
window1 : 15
window2 : 63
Z-score : get_z_socre_hege
-------------------------------------
------FINALLY---------------------------------------
Return : 3.6657
Standard Deviation : 1.5519
Sharpe Ratio (Rf=0%) : 2.3621
Max Drawdown: -0.5347
++++++++++++++++++++++++++++++++++++++
a : 1.2025443287748625
b : 0.5565191628050841
k : 34
window1 : 20
window2 : 26
Z-score : get_z_socre_no_hege
-------------------------------------
------FINALLY---------------------------------------
Return : 16.9045
Standard Deviation : 7.0538
Sharpe Ratio (Rf=0%) : 2.3965
Max Drawdown: -0.5168
++++++++++++++++++++++++++++++++++++++
a : 1.0343217675742693
b : 0.13493736585194052
k : 46
window1 : 3
window2 : 37
Z-score : get_z_socre_two_windows
-------------------------------------
------FINALLY---------------------------------------
Return : 9.1892
Standard Deviation : 4.4782
Sharpe Ratio (Rf=0%) : 2.052
Max Drawdown: -0.5223
++++++++++++++++++++++++++++++++++++++
a : 1.3137877634506676
b : 0.06061062744209421
k : 34
window1 : 3
window2 : 26
Z-score : get_z_socre_no_hege
-------------------------------------
------FINALLY---------------------------------------
Return : 13.6705
Standard Deviation : 6.8614
Sharpe Ratio (Rf=0%) : 1.9924
Max Drawdown: -0.5345
++++++++++++++++++++++++++++++++++++++
a : 1.7429387122106967
b : 0.1754328117649572
k : 38
window1 : 24
window2 : 56
Z-score : get_z_socre_two_windows
-------------------------------------
------FINALLY---------------------------------------
Return : 16.0015
Standard Deviation : 7.9355
Sharpe Ratio (Rf=0%) : 2.0164
Max Drawdown: -0.4756
++++++++++++++++++++++++++++++++++++++
a : 1.2560721378612936
b : 0.1754328117649572
k : 19
window1 : 4
window2 : 62